[2025-02-08T18:57:04.733Z] BOT_LOGIN_SUCCESS: {"username":"TEST#0224","startTime":"2025-02-08T18:57:04.733Z"}
[2025-02-08T18:58:05.040Z] ERROR: {"error":"Cannot read properties of undefined (reading 'REQUIRED_PERMISSIONS')","channelId":"1149998586206113863"}
[2025-02-08T18:59:16.736Z] ERROR: {"error":"Cannot read properties of undefined (reading 'REQUIRED_PERMISSIONS')","channelId":"1149998586206113863"}
[2025-02-08T19:00:57.043Z] BOT_LOGIN_SUCCESS: {"username":"TEST#0224","startTime":"2025-02-08T19:00:57.043Z"}
[2025-02-08T19:00:58.804Z] HASH_CREATION_START: {"targetChannelId":"1149998586206113863","commandChannelId":"1317881540176248904"}
[2025-02-08T19:00:58.808Z] ERROR: {"error":"buildHashDatabaseForChannel is not a function","channelId":"1149998586206113863"}
[2025-02-08T19:02:13.797Z] BOT_LOGIN_SUCCESS: {"username":"TEST#0224","startTime":"2025-02-08T19:02:13.797Z"}
[2025-02-08T19:02:16.266Z] HASH_CREATION_START: {"targetChannelId":"1149998586206113863","commandChannelId":"1317881540176248904"}
[2025-02-08T19:02:54.320Z] IMAGE_ERROR: {"messageId":"1311339578187059290","attachmentUrl":"https://cdn.discordapp.com/attachments/1149998586206113863/1311339577860030475/giphy.gif?ex=67a8bd26&is=67a76ba6&hm=8c78becf808637b0fe854fe6efe3c8e107d87eaeb9f4d90738fdeaf3957bb764&","error":"Unrecognized mime type: image/gif"}
[2025-02-08T19:03:08.700Z] IMAGE_ERROR: {"messageId":"1298246717191356457","attachmentUrl":"https://cdn.discordapp.com/attachments/1149998586206113863/1298246716767600661/botanix.gif?ex=67a89179&is=67a73ff9&hm=fb872c4f575e68e31f3401920c68c7222a40552ea78cde7164ca7be6945f09fb&","error":"Unrecognized mime type: image/gif"}
[2025-02-08T19:03:33.084Z] IMAGE_ERROR: {"messageId":"1283950054712803348","attachmentUrl":"https://cdn.discordapp.com/attachments/1149998586206113863/1283950054188646420/1b3bb76b6ff185b640dff3ee6c37cdec.gif?ex=67a8a1eb&is=67a7506b&hm=f30effa771c3d960f7dce81567a6b04a0858215ce0c4f2fc0266a92b0be4ab45&","error":"Unrecognized mime type: image/gif"}
[2025-02-08T19:03:33.300Z] IMAGE_ERROR: {"messageId":"1283653847146954784","attachmentUrl":"https://cdn.discordapp.com/attachments/1149998586206113863/1283653846727397376/Botanix848.gif?ex=67a8df8e&is=67a78e0e&hm=8542a8479e8d87d2570cd97a9811cb48abbf5ef0ceec826ce82c1e7b18eb76ea&","error":"Unrecognized mime type: image/gif"}
[2025-02-08T19:04:21.503Z] IMAGE_ERROR: {"messageId":"1272959130750947382","attachmentUrl":"https://cdn.discordapp.com/attachments/1149998586206113863/1272959130620919921/Botanix_1.gif?ex=67a8db93&is=67a78a13&hm=b822d39c842620a31aba9b075e63fbea0d1c1af10277745d64f7c48371e5016f&","error":"Unrecognized mime type: image/gif"}
[2025-02-08T19:09:39.527Z] BOT_LOGIN_SUCCESS: {"username":"TEST#0224","startTime":"2025-02-08T19:09:39.527Z"}
[2025-02-08T19:09:45.616Z] HASH_CREATION_START: {"targetChannelId":"1149998586206113863","commandChannelId":"1317881540176248904"}
[2025-02-08T19:10:22.510Z] IMAGE_PROCESSING_ERROR: {"url":"https://cdn.discordapp.com/attachments/1149998586206113863/1311339577860030475/giphy.gif?ex=67a8bd26&is=67a76ba6&hm=8c78becf808637b0fe854fe6efe3c8e107d87eaeb9f4d90738fdeaf3957bb764&","error":"GIF images are not supported"}
[2025-02-08T19:10:22.513Z] IMAGE_PROCESSING_ERROR: {"messageId":"1311339578187059290","attachmentUrl":"https://cdn.discordapp.com/attachments/1149998586206113863/1311339577860030475/giphy.gif?ex=67a8bd26&is=67a76ba6&hm=8c78becf808637b0fe854fe6efe3c8e107d87eaeb9f4d90738fdeaf3957bb764&","error":"GIF images are not supported"}
[2025-02-08T19:10:35.003Z] IMAGE_PROCESSING_ERROR: {"url":"https://cdn.discordapp.com/attachments/1149998586206113863/1298246716767600661/botanix.gif?ex=67a89179&is=67a73ff9&hm=fb872c4f575e68e31f3401920c68c7222a40552ea78cde7164ca7be6945f09fb&","error":"GIF images are not supported"}
[2025-02-08T19:10:35.010Z] IMAGE_PROCESSING_ERROR: {"messageId":"1298246717191356457","attachmentUrl":"https://cdn.discordapp.com/attachments/1149998586206113863/1298246716767600661/botanix.gif?ex=67a89179&is=67a73ff9&hm=fb872c4f575e68e31f3401920c68c7222a40552ea78cde7164ca7be6945f09fb&","error":"GIF images are not supported"}
[2025-02-08T19:10:54.001Z] IMAGE_PROCESSING_ERROR: {"url":"https://cdn.discordapp.com/attachments/1149998586206113863/1283950054188646420/1b3bb76b6ff185b640dff3ee6c37cdec.gif?ex=67a8a1eb&is=67a7506b&hm=f30effa771c3d960f7dce81567a6b04a0858215ce0c4f2fc0266a92b0be4ab45&","error":"GIF images are not supported"}
[2025-02-08T19:10:54.006Z] IMAGE_PROCESSING_ERROR: {"messageId":"1283950054712803348","attachmentUrl":"https://cdn.discordapp.com/attachments/1149998586206113863/1283950054188646420/1b3bb76b6ff185b640dff3ee6c37cdec.gif?ex=67a8a1eb&is=67a7506b&hm=f30effa771c3d960f7dce81567a6b04a0858215ce0c4f2fc0266a92b0be4ab45&","error":"GIF images are not supported"}
[2025-02-08T19:10:54.083Z] IMAGE_PROCESSING_ERROR: {"url":"https://cdn.discordapp.com/attachments/1149998586206113863/1283653846727397376/Botanix848.gif?ex=67a8df8e&is=67a78e0e&hm=8542a8479e8d87d2570cd97a9811cb48abbf5ef0ceec826ce82c1e7b18eb76ea&","error":"GIF images are not supported"}
[2025-02-08T19:10:54.085Z] IMAGE_PROCESSING_ERROR: {"messageId":"1283653847146954784","attachmentUrl":"https://cdn.discordapp.com/attachments/1149998586206113863/1283653846727397376/Botanix848.gif?ex=67a8df8e&is=67a78e0e&hm=8542a8479e8d87d2570cd97a9811cb48abbf5ef0ceec826ce82c1e7b18eb76ea&","error":"GIF images are not supported"}
[2025-02-08T19:11:23.595Z] IMAGE_PROCESSING_ERROR: {"url":"https://cdn.discordapp.com/attachments/1149998586206113863/1272959130620919921/Botanix_1.gif?ex=67a8db93&is=67a78a13&hm=b822d39c842620a31aba9b075e63fbea0d1c1af10277745d64f7c48371e5016f&","error":"GIF images are not supported"}
[2025-02-08T19:11:23.604Z] IMAGE_PROCESSING_ERROR: {"messageId":"1272959130750947382","attachmentUrl":"https://cdn.discordapp.com/attachments/1149998586206113863/1272959130620919921/Botanix_1.gif?ex=67a8db93&is=67a78a13&hm=b822d39c842620a31aba9b075e63fbea0d1c1af10277745d64f7c48371e5016f&","error":"GIF images are not supported"}
[2025-02-08T19:11:29.466Z] IMAGE_PROCESSING_ERROR: {"url":"https://cdn.discordapp.com/attachments/1149998586206113863/1271543094633955451/4541196048.gif?ex=67a8fac9&is=67a7a949&hm=2fc7109543df06f9e90ea8b4e6121e89f8eaf7ba65071aa80276efe2b4bb0c64&","error":"GIF images are not supported"}
[2025-02-08T19:11:29.473Z] IMAGE_PROCESSING_ERROR: {"messageId":"1271543094885748797","attachmentUrl":"https://cdn.discordapp.com/attachments/1149998586206113863/1271543094633955451/4541196048.gif?ex=67a8fac9&is=67a7a949&hm=2fc7109543df06f9e90ea8b4e6121e89f8eaf7ba65071aa80276efe2b4bb0c64&","error":"GIF images are not supported"}
[2025-02-08T19:11:48.923Z] BOT_LOGIN_SUCCESS: {"username":"TEST#0224","startTime":"2025-02-08T19:11:48.923Z"}
[2025-02-08T19:13:32.896Z] DISCORD_ERROR: {"error":"Missing Permissions","stack":"DiscordAPIError[50013]: Missing Permissions\n    at handleErrors (F:\\BOT\\node_modules\\@discordjs\\rest\\dist\\index.js:727:13)\n    at process.processTicksAndRejections (node:internal/process/task_queues:95:5)\n    at async SequentialHandler.runRequest (F:\\BOT\\node_modules\\@discordjs\\rest\\dist\\index.js:1128:23)\n    at async SequentialHandler.queueRequest (F:\\BOT\\node_modules\\@discordjs\\rest\\dist\\index.js:959:14)\n    at async _REST.request (F:\\BOT\\node_modules\\@discordjs\\rest\\dist\\index.js:1272:22)\n    at async TextChannel.send (F:\\BOT\\node_modules\\discord.js\\src\\structures\\interfaces\\TextBasedChannel.js:182:15)"}
